<?xml version="1.0" encoding="UTF-8"?>
<!-- Generated by org.testng.reporters.JUnitReportReporter -->
<testsuite hostname="DESKTOP-OUTS1K2" name="Assignmnt02.Clickingtest" tests="1" failures="0" timestamp="16 Mar 2016 01:34:04 GMT" time="0.006" errors="0">
  <testcase name="f" time="0.006" classname="Assignmnt02.Clickingtest"/>
</testsuite> <!-- Assignmnt02.Clickingtest -->
